Benchmark.runApache:·threads.alive                                                                     false        pwd             5  avgt   10          54.500 ±          0.797  threads
Benchmark.runApache:·threads.alive                                                                     false        pwd            10  avgt   10          54.500 ±          0.797  threads
Benchmark.runApache:·threads.alive                                                                     false        pwd            20  avgt   10          60.500 ±         10.359  threads
Benchmark.runApache:·threads.alive                                                                     false       date             5  avgt   10          60.000 ±          3.187  threads
Benchmark.runApache:·threads.alive                                                                     false       date            10  avgt   10          47.000 ±          9.562  threads
Benchmark.runApache:·threads.alive                                                                     false       date            20  avgt   10          58.000 ±          6.375  threads
Benchmark.runApache:·threads.alive                                                                     false         du             5  avgt   10          52.200 ±          4.608  threads
Benchmark.runApache:·threads.alive                                                                     false         du            10  avgt   10          50.500 ±          2.390  threads
Benchmark.runApache:·threads.alive                                                                     false         du            20  avgt   10          47.300 ±          0.730  threads
Benchmark.runApache:·threads.alive                                                                      true        pwd             5  avgt   10          62.500 ±         13.546  threads
Benchmark.runApache:·threads.alive                                                                      true        pwd            10  avgt   10          57.500 ±          7.171  threads
Benchmark.runApache:·threads.alive                                                                      true        pwd            20  avgt   10          78.500 ±         15.140  threads
Benchmark.runApache:·threads.alive                                                                      true       date             5  avgt   10          67.000 ±         12.749  threads
Benchmark.runApache:·threads.alive                                                                      true       date            10  avgt   10          75.000 ±          9.562  threads
Benchmark.runApache:·threads.alive                                                                      true       date            20  avgt   10          56.500 ±          0.797  threads
Benchmark.runApache:·threads.alive                                                                      true         du             5  avgt   10          54.500 ±          2.390  threads
Benchmark.runApache:·threads.alive                                                                      true         du            10  avgt   10          64.500 ±         15.140  threads
Benchmark.runApache:·threads.alive                                                                      true         du            20  avgt   10          65.000 ±         17.530  threads


Benchmark.runProcessBuilder:·threads.alive                                                             false        pwd             5  avgt   10          49.100 ±          8.014  threads
Benchmark.runProcessBuilder:·threads.alive                                                             false        pwd            10  avgt   10          42.000 ±          1.594  threads
Benchmark.runProcessBuilder:·threads.alive                                                             false        pwd            20  avgt   10          73.300 ±         48.933  threads
Benchmark.runProcessBuilder:·threads.alive                                                             false       date             5  avgt   10          56.000 ±         20.717  threads
Benchmark.runProcessBuilder:·threads.alive                                                             false       date            10  avgt   10          72.000 ±         49.403  threads
Benchmark.runProcessBuilder:·threads.alive                                                             false       date            20  avgt   10          59.000 ±         27.092  threads
Benchmark.runProcessBuilder:·threads.alive                                                             false         du             5  avgt   10          47.100 ±          2.977  threads
Benchmark.runProcessBuilder:·threads.alive                                                             false         du            10  avgt   10          50.000 ±          3.187  threads
Benchmark.runProcessBuilder:·threads.alive                                                             false         du            20  avgt   10          48.800 ±          2.448  threads
Benchmark.runProcessBuilder:·threads.alive                                                              true        pwd             5  avgt   10         162.500 ±          7.171  threads
Benchmark.runProcessBuilder:·threads.alive                                                              true        pwd            10  avgt   10         129.000 ±          7.968  threads
Benchmark.runProcessBuilder:·threads.alive                                                              true        pwd            20  avgt   10          68.300 ±         29.883  threads
Benchmark.runProcessBuilder:·threads.alive                                                              true       date             5  avgt   10          48.500 ±          0.797  threads
Benchmark.runProcessBuilder:·threads.alive                                                              true       date            10  avgt   10          84.500 ±         54.980  threads
Benchmark.runProcessBuilder:·threads.alive                                                              true       date            20  avgt   10          82.500 ±         54.980  threads
Benchmark.runProcessBuilder:·threads.alive                                                              true         du             5  avgt   10          49.900 ±          0.478  threads
Benchmark.runProcessBuilder:·threads.alive                                                              true         du            10  avgt   10          50.800 ±          0.637  threads
Benchmark.runProcessBuilder:·threads.alive                                                              true         du            20  avgt   10          51.300 ±          0.730  threads
