Benchmark.runApache:·threads.started             false        pwd             5  avgt   10          55.000 threads
Benchmark.runApache:·threads.started             false        pwd            10  avgt   10          55.000 threads
Benchmark.runApache:·threads.started             false        pwd            20  avgt   10          67.000 threads
Benchmark.runApache:·threads.started             false       date             5  avgt   10          62.000 threads
Benchmark.runApache:·threads.started             false       date            10  avgt   10          53.000 threads
Benchmark.runApache:·threads.started             false       date            20  avgt   10          62.000 threads
Benchmark.runApache:·threads.started             false         du             5  avgt   10          54.000 threads
Benchmark.runApache:·threads.started             false         du            10  avgt   10          52.000 threads
Benchmark.runApache:·threads.started             false         du            20  avgt   10          48.000 threads
Benchmark.runApache:·threads.started              true        pwd             5  avgt   10       33674.000 threads
Benchmark.runApache:·threads.started              true        pwd            10  avgt   10       37062.000 threads
Benchmark.runApache:·threads.started              true        pwd            20  avgt   10       42048.000 threads
Benchmark.runApache:·threads.started              true       date             5  avgt   10       34195.000 threads
Benchmark.runApache:·threads.started              true       date            10  avgt   10       37261.000 threads
Benchmark.runApache:·threads.started              true       date            20  avgt   10       43016.000 threads
Benchmark.runApache:·threads.started              true         du             5  avgt   10       11416.000 threads
Benchmark.runApache:·threads.started              true         du            10  avgt   10       14495.000 threads
Benchmark.runApache:·threads.started              true         du            20  avgt   10       22854.000 threads
Benchmark.runProcessBuilder:·threads.started     false        pwd             5  avgt   10          54.000 threads
Benchmark.runProcessBuilder:·threads.started     false        pwd            10  avgt   10          43.000 threads
Benchmark.runProcessBuilder:·threads.started     false        pwd            20  avgt   10         104.000 threads
Benchmark.runProcessBuilder:·threads.started     false       date             5  avgt   10          69.000 threads
Benchmark.runProcessBuilder:·threads.started     false       date            10  avgt   10         103.000 threads
Benchmark.runProcessBuilder:·threads.started     false       date            20  avgt   10          76.000 threads
Benchmark.runProcessBuilder:·threads.started     false         du             5  avgt   10          50.000 threads
Benchmark.runProcessBuilder:·threads.started     false         du            10  avgt   10          52.000 threads
Benchmark.runProcessBuilder:·threads.started     false         du            20  avgt   10          50.000 threads
Benchmark.runProcessBuilder:·threads.started      true        pwd             5  avgt   10         167.000 threads
Benchmark.runProcessBuilder:·threads.started      true        pwd            10  avgt   10         134.000 threads
Benchmark.runProcessBuilder:·threads.started      true        pwd            20  avgt   10          87.000 threads
Benchmark.runProcessBuilder:·threads.started      true       date             5  avgt   10          49.000 threads
Benchmark.runProcessBuilder:·threads.started      true       date            10  avgt   10         119.000 threads
Benchmark.runProcessBuilder:·threads.started      true       date            20  avgt   10         117.000 threads
Benchmark.runProcessBuilder:·threads.started      true         du             5  avgt   10          50.000 threads
Benchmark.runProcessBuilder:·threads.started      true         du            10  avgt   10          51.000 threads
Benchmark.runProcessBuilder:·threads.started      true         du            20  avgt   10          52.000 threads
